<?xml version="1.0" encoding="UTF-8"?>
<testng-results ignored="0" total="1" passed="1" failed="0" skipped="0">
  <reporter-output>
  </reporter-output>
  <suite started-at="2020-11-12T16:12:34 CET" name="Default suite" finished-at="2020-11-12T16:12:44 CET" duration-ms="10661">
    <groups>
    </groups>
    <test started-at="2020-11-12T16:12:34 CET" name="Default test" finished-at="2020-11-12T16:12:44 CET" duration-ms="10661">
      <class name="sEasyDemo.SE.singleInputFieldPageTest">
        <test-method signature="getPage()[pri:0, instance:sEasyDemo.SE.singleInputFieldPageTest@45018215]" started-at="2020-11-12T16:12:34 CET" name="getPage" finished-at="2020-11-12T16:12:44 CET" duration-ms="10642" status="PASS">
          <reporter-output>
          </reporter-output>
        </test-method> <!-- getPage -->
      </class> <!-- sEasyDemo.SE.singleInputFieldPageTest -->
    </test> <!-- Default test -->
  </suite> <!-- Default suite -->
</testng-results>
